2026-03-19 12:32:21,033 | INFO | automation.b3_fetcher | Starting B3 fetch | file_name=DerivativesOpenPositionFile | date=2026-03-17
2026-03-19 12:32:21,033 | INFO | automation.b3_fetcher | Requesting B3 token | file_name=DerivativesOpenPositionFile | date=2026-03-17
2026-03-19 12:32:24,675 | INFO | automation.b3_fetcher | B3 token received | file_name=DerivativesOpenPositionFile | date=2026-03-17
2026-03-19 12:32:24,675 | INFO | automation.b3_fetcher | Downloading B3 file content
2026-03-19 12:32:25,012 | INFO | automation.b3_fetcher | B3 file content downloaded successfully
2026-03-19 12:32:25,013 | INFO | automation.b3_fetcher | B3 fetch completed | file_name=DerivativesOpenPositionFile | date=2026-03-17 | size_bytes=3519302
2026-03-19 18:33:46,437 | INFO | interface.email_sender | Draft email created successfully.
2026-03-19 18:33:46,447 | INFO | interface.email_sender | Added attachment to draft email: b3_derivatives_2026_03_18.csv
2026-03-19 18:33:46,896 | INFO | interface.email_sender | Successfully acquired Microsoft Graph access token.
2026-03-19 18:33:47,956 | ERROR | interface.email_sender | Failed to send email payload: 404 Client Error: Not Found for url: https://graph.microsoft.com/v1.0/users/automation@novaflowdigi.com/sendMail
2026-03-19 18:45:25,125 | INFO | interface.email_sender | Draft email created successfully.
2026-03-19 18:45:25,135 | INFO | interface.email_sender | Added attachment to draft email: b3_derivatives_2026_03_18.csv
2026-03-19 18:45:25,576 | INFO | interface.email_sender | Successfully acquired Microsoft Graph access token.
2026-03-19 18:45:26,439 | ERROR | interface.email_sender | Failed to send email payload: 403 Client Error: Forbidden for url: https://graph.microsoft.com/v1.0/users/gabrielbisco@novaflowdigi.com/sendMail
2026-03-19 18:46:26,479 | INFO | interface.email_sender | Draft email created successfully.
2026-03-19 18:46:26,489 | INFO | interface.email_sender | Added attachment to draft email: b3_derivatives_2026_03_18.csv
2026-03-19 18:46:26,930 | INFO | interface.email_sender | Successfully acquired Microsoft Graph access token.
2026-03-19 18:46:27,841 | ERROR | interface.email_sender | Failed to send email payload: 403 Client Error: Forbidden for url: https://graph.microsoft.com/v1.0/users/gabrielbisco@novaflowdigi.com/sendMail
2026-03-19 18:51:43,390 | INFO | interface.email_sender | Draft email created successfully.
2026-03-19 18:51:43,400 | INFO | interface.email_sender | Added attachment to draft email: b3_derivatives_2026_03_18.csv
2026-03-19 18:51:43,822 | INFO | interface.email_sender | Successfully acquired Microsoft Graph access token.
2026-03-19 18:51:45,401 | INFO | interface.email_sender | Successfully sent email from gabrielbisco@novaflowdigi.com.
2026-03-19 18:51:45,402 | INFO | interface.email_sender | Draft email sent successfully to ['gbisconovo@gmail.com'].
2026-03-20 14:33:51,933 | INFO | storage.sharepoint | Successfully acquired Microsoft Graph access token for SharePoint.
2026-03-20 14:33:54,543 | INFO | storage.sharepoint | Successfully uploaded file to SharePoint: test/b3_derivatives_2026_03_18.csv
2026-03-20 14:33:57,015 | INFO | storage.sharepoint | Successfully acquired Microsoft Graph access token for SharePoint.
2026-03-20 14:33:58,388 | INFO | storage.sharepoint | Successfully acquired Microsoft Graph access token for SharePoint.
2026-03-20 14:33:59,925 | INFO | storage.sharepoint | Successfully downloaded file from SharePoint: test/b3_derivatives_2026_03_18.csv
2026-03-20 19:36:55,031 | INFO | scripts.test_daily_iq_job_real | Starting live E2E test with notification | target_date=2026-03-20
2026-03-20 19:36:55,033 | INFO | app.automation.daily_iq_job | Building CalendarService | target_date=2026-03-20
2026-03-20 19:36:55,040 | INFO | app.automation.daily_iq_job | CalendarService initialized successfully
2026-03-20 19:36:55,041 | INFO | app.automation.daily_iq_job | Checking trading day status | target_date=2026-03-20
2026-03-20 19:36:55,041 | INFO | app.automation.daily_iq_job | Trading day confirmed | target_date=2026-03-20
2026-03-20 19:36:55,041 | INFO | app.automation.daily_iq_job | Resolving processing date | target_date=2026-03-20
2026-03-20 19:36:55,041 | INFO | app.automation.daily_iq_job | Processing date resolved | target_date=2026-03-20 | processing_date=2026-03-19
2026-03-20 19:36:55,041 | INFO | app.automation.daily_iq_job | Executing IQ pipeline | processing_date=2026-03-19
2026-03-20 19:36:55,041 | INFO | automation.daily_iq_pipeline | Starting daily IQ pipeline | date=2026-03-19
2026-03-20 19:36:55,041 | INFO | automation.b3_fetcher | Starting B3 fetch | file_name=DerivativesOpenPositionFile | date=2026-03-19
2026-03-20 19:36:55,041 | INFO | automation.b3_fetcher | Requesting B3 token | file_name=DerivativesOpenPositionFile | date=2026-03-19
2026-03-20 19:36:55,662 | INFO | automation.b3_fetcher | B3 token received | file_name=DerivativesOpenPositionFile | date=2026-03-19
2026-03-20 19:36:55,662 | INFO | automation.b3_fetcher | Downloading B3 file content
2026-03-20 19:36:55,985 | INFO | automation.b3_fetcher | B3 file content downloaded successfully
2026-03-20 19:36:55,985 | INFO | automation.b3_fetcher | B3 fetch completed | file_name=DerivativesOpenPositionFile | date=2026-03-19 | size_bytes=3694284
2026-03-20 19:36:56,042 | INFO | automation.iq_calculation | Starting IQ calculation pipeline
2026-03-20 19:36:56,046 | INFO | automation.iq_calculation | Starting IQ table computation
2026-03-20 19:36:56,109 | INFO | automation.iq_calculation | IQ table computation completed | rows_iq=373 | rows_coef=183
2026-03-20 19:36:56,112 | INFO | automation.iq_calculation | IQ calculation pipeline completed | rows_coef=183
2026-03-20 19:36:56,115 | INFO | automation.daily_iq_pipeline | Daily IQ pipeline completed | date=2026-03-19 | rows=183
2026-03-20 19:36:56,118 | INFO | app.automation.daily_iq_job | IQ pipeline executed successfully | processing_date=2026-03-19 | file_name=iq_coef_20260319.csv
2026-03-20 19:36:56,118 | INFO | app.automation.daily_iq_job | Storing pipeline output | storage_method=sharepoint | file_name=iq_coef_20260319.csv
2026-03-20 19:36:56,672 | INFO | storage.sharepoint | Successfully acquired Microsoft Graph access token for SharePoint.
2026-03-20 19:36:57,688 | INFO | storage.sharepoint | Successfully uploaded file to SharePoint: test/iq_coef_20260319.csv
2026-03-20 19:36:57,690 | INFO | app.automation.daily_iq_job | Output stored successfully | storage_method=sharepoint | file_name=iq_coef_20260319.csv
2026-03-20 19:36:57,690 | INFO | app.automation.daily_iq_job | Using default recipients from config | count=1
2026-03-20 19:36:57,690 | INFO | app.automation.daily_iq_job | Sending notification | notification_method=email | target_date=2026-03-20 | processing_date=2026-03-19
2026-03-20 19:36:57,691 | INFO | interface.email_sender | Draft email created successfully.
2026-03-20 19:36:57,691 | INFO | interface.email_sender | Added attachment to draft email: iq_coef_20260319.csv
2026-03-20 19:36:58,152 | INFO | interface.email_sender | Successfully acquired Microsoft Graph access token.
2026-03-20 19:36:59,423 | INFO | interface.email_sender | Successfully sent email from gabrielbisco@novaflowdigi.com.
2026-03-20 19:36:59,424 | INFO | interface.email_sender | Draft email sent successfully to ['gbisconovo@gmail.com'].
2026-03-20 19:36:59,425 | INFO | app.automation.daily_iq_job | Notification sent successfully | notification_method=email | recipients=['gbisconovo@gmail.com']
2026-03-20 19:36:59,425 | INFO | scripts.test_daily_iq_job_real | Finished live E2E test with notification | target_date=2026-03-20 | processing_date=2026-03-19
2026-03-20 19:36:59,426 | INFO | scripts.test_daily_iq_job_real | Starting cached E2E test without notification | target_date=2026-03-20
2026-03-20 19:36:59,427 | INFO | app.automation.daily_iq_job | Building CalendarService | target_date=2026-03-20
2026-03-20 19:36:59,428 | INFO | app.automation.daily_iq_job | CalendarService initialized successfully
2026-03-20 19:36:59,429 | INFO | app.automation.daily_iq_job | Checking trading day status | target_date=2026-03-20
2026-03-20 19:36:59,429 | INFO | app.automation.daily_iq_job | Trading day confirmed | target_date=2026-03-20
2026-03-20 19:36:59,429 | INFO | app.automation.daily_iq_job | Resolving processing date | target_date=2026-03-20
2026-03-20 19:36:59,429 | INFO | app.automation.daily_iq_job | Processing date resolved | target_date=2026-03-20 | processing_date=2026-03-19
2026-03-20 19:36:59,429 | INFO | app.automation.daily_iq_job | Storing pipeline output | storage_method=sharepoint | file_name=iq_coef_20260319.csv
2026-03-20 19:36:59,828 | INFO | storage.sharepoint | Successfully acquired Microsoft Graph access token for SharePoint.
2026-03-20 19:37:00,616 | INFO | storage.sharepoint | Successfully uploaded file to SharePoint: test/iq_coef_20260319.csv
2026-03-20 19:37:00,616 | INFO | app.automation.daily_iq_job | Output stored successfully | storage_method=sharepoint | file_name=iq_coef_20260319.csv
2026-03-20 19:37:00,617 | INFO | scripts.test_daily_iq_job_real | Finished cached E2E test without notification | target_date=2026-03-20 | processing_date=2026-03-19
